Build started 10/1/2014 9:29:28 PM.
     1>Project "C:\Users\michael\Documents\GitHub\myrpg\FutureRPG\FutureStaticLib\FutureStaticLib.vcxproj" on node 2 (Build target(s)).
     1>ClCompile:
         C:\Program Files (x86)\Microsoft Visual Studio 12.0\VC\bin\CL.exe /c /ZI /nologo /W3 /WX- /sdl /Od /Oy- /D WIN32 /D _DEBUG /D _LIB /D _UNICODE /D UNICODE /Gm /EHsc /RTC1 /MDd /GS /fp:precise /Zc:wchar_t /Zc:forScope /Fo"Debug\\" /Fd"Debug\vc120.pdb" /Gd /TP /analyze- /errorReport:prompt Containers.cpp
         Containers.cpp
     1>c:\users\michael\documents\github\myrpg\futurerpg\futurestaticlib\containers.cpp(46): warning C4258: 'i' : definition from the for loop is ignored; the definition from the enclosing scope is used
                 c:\users\michael\documents\github\myrpg\futurerpg\futurestaticlib\containers.cpp(29) : definition of 'i' ignored
                 c:\users\michael\documents\github\myrpg\futurerpg\futurestaticlib\containers.cpp(24) : definition of 'i' used
     1>c:\users\michael\documents\github\myrpg\futurerpg\futurestaticlib\containers.cpp(84): warning C4258: 'i' : definition from the for loop is ignored; the definition from the enclosing scope is used
                 c:\users\michael\documents\github\myrpg\futurerpg\futurestaticlib\containers.cpp(67) : definition of 'i' ignored
                 c:\users\michael\documents\github\myrpg\futurerpg\futurestaticlib\containers.cpp(62) : definition of 'i' used
     1>c:\users\michael\documents\github\myrpg\futurerpg\futurestaticlib\containers.cpp(121): warning C4258: 'i' : definition from the for loop is ignored; the definition from the enclosing scope is used
                 c:\users\michael\documents\github\myrpg\futurerpg\futurestaticlib\containers.cpp(104) : definition of 'i' ignored
                 c:\users\michael\documents\github\myrpg\futurerpg\futurestaticlib\containers.cpp(100) : definition of 'i' used
       Lib:
         C:\Program Files (x86)\Microsoft Visual Studio 12.0\VC\bin\Lib.exe /OUT:"C:\Users\michael\Documents\GitHub\myrpg\FutureRPG\Debug\FutureStaticLib.lib" /NOLOGO Debug\Armors.obj
         Debug\Containers.obj
         Debug\Story1.obj
         Debug\Weapons.obj
         FutureStaticLib.vcxproj -> C:\Users\michael\Documents\GitHub\myrpg\FutureRPG\Debug\FutureStaticLib.lib
     1>Done Building Project "C:\Users\michael\Documents\GitHub\myrpg\FutureRPG\FutureStaticLib\FutureStaticLib.vcxproj" (Build target(s)).

Build succeeded.

Time Elapsed 00:00:00.36
